<?xml version="1.0" encoding="UTF-8"?>
<!-- Generated by org.testng.reporters.JUnitXMLReporter -->
<testsuite ignored="0" hostname="LP-TZD-5X45743" failures="0" tests="2" name="Default test" time="45.312" errors="0" timestamp="2026-02-11T19:13:07 GMT-12:00">
  <testcase classname="io.cucumber.testng.AbstractTestNGCucumberTests" name="runScenario" time="21.449"/>
  <testcase classname="io.cucumber.testng.AbstractTestNGCucumberTests" name="runScenario" time="22.255"/>
</testsuite> <!-- Default test -->
