<?xml version="1.0" encoding="UTF-8"?>
<testng-results ignored="0" total="2" passed="2" failed="0" skipped="0">
  <reporter-output>
  </reporter-output>
  <suite started-at="2026-02-11T19:12:21 GMT-12:00" name="Default suite" finished-at="2026-02-11T19:13:06 GMT-12:00" duration-ms="45312">
    <groups>
      <group name="cucumber">
        <method signature="AbstractTestNGCucumberTests.runScenario(io.cucumber.testng.PickleWrapper,io.cucumber.testng.FeatureWrapper)[pri:0, instance:runner.TestRunner@5d908d47]" name="runScenario" class="io.cucumber.testng.AbstractTestNGCucumberTests"/>
      </group> <!-- cucumber -->
    </groups>
    <test started-at="2026-02-11T19:12:21 GMT-12:00" name="Default test" finished-at="2026-02-11T19:13:06 GMT-12:00" duration-ms="45312">
      <class name="runner.TestRunner">
        <test-method is-config="true" signature="setUpClass(org.testng.ITestContext)[pri:0, instance:runner.TestRunner@5d908d47]" started-at="2026-02-11T19:12:21 GMT-12:00" name="setUpClass" finished-at="2026-02-11T19:12:23 GMT-12:00" duration-ms="1333" status="PASS">
          <params>
            <param index="0">
              <value>
                <![CDATA[org.testng.TestRunner@48bc2fce]]>
              </value>
            </param>
          </params>
          <reporter-output>
          </reporter-output>
        </test-method> <!-- setUpClass -->
        <test-method signature="runScenario(io.cucumber.testng.PickleWrapper,io.cucumber.testng.FeatureWrapper)[pri:0, instance:runner.TestRunner@5d908d47]" started-at="2026-02-11T19:12:23 GMT-12:00" name="runScenario" description="Runs Cucumber Scenarios" data-provider="scenarios" finished-at="2026-02-11T19:12:44 GMT-12:00" duration-ms="21449" status="PASS">
          <params>
            <param index="0">
              <value>
                <![CDATA["Add one product to cart and verify it in cart"]]>
              </value>
            </param>
            <param index="1">
              <value>
                <![CDATA["Add to Cart on Demoblaze"]]>
              </value>
            </param>
          </params>
          <reporter-output>
          </reporter-output>
        </test-method> <!-- runScenario -->
        <test-method signature="runScenario(io.cucumber.testng.PickleWrapper,io.cucumber.testng.FeatureWrapper)[pri:0, instance:runner.TestRunner@5d908d47]" started-at="2026-02-11T19:12:44 GMT-12:00" name="runScenario" description="Runs Cucumber Scenarios" data-provider="scenarios" finished-at="2026-02-11T19:13:06 GMT-12:00" duration-ms="22255" status="PASS">
          <params>
            <param index="0">
              <value>
                <![CDATA["Add two products and verify total items in cart"]]>
              </value>
            </param>
            <param index="1">
              <value>
                <![CDATA["Add to Cart on Demoblaze"]]>
              </value>
            </param>
          </params>
          <reporter-output>
          </reporter-output>
        </test-method> <!-- runScenario -->
        <test-method is-config="true" signature="tearDownClass()[pri:0, instance:runner.TestRunner@5d908d47]" started-at="2026-02-11T19:13:06 GMT-12:00" name="tearDownClass" finished-at="2026-02-11T19:13:06 GMT-12:00" duration-ms="170" status="PASS">
          <reporter-output>
          </reporter-output>
        </test-method> <!-- tearDownClass -->
      </class> <!-- runner.TestRunner -->
    </test> <!-- Default test -->
  </suite> <!-- Default suite -->
</testng-results>
